<?xml version="1.0" encoding="UTF-8"?>
<!-- Generated by org.testng.reporters.JUnitReportReporter -->
<testsuite name="Tests.TC1" tests="1" time="1.528" ignored="3" failures="0" timestamp="18 Feb 2018 21:40:45 GMT" skipped="0" hostname="Vish-PC" errors="0">
  <testcase name="method2" time="1.528" classname="Tests.TC1"/>
  <testcase name="initDriver" classname="Base.Base">
    <skipped/>
  </testcase> <!-- initDriver -->
  <testcase name="initDriver" classname="Base.Base">
    <skipped/>
  </testcase> <!-- initDriver -->
  <testcase name="initDriver" classname="Base.Base">
    <skipped/>
  </testcase> <!-- initDriver -->
</testsuite> <!-- Tests.TC1 -->
